#! /c/Source/iverilog-install/bin/vvp
:ivl_version "12.0 (devel)" "(s20150603-1539-g2693dd32b)";
:ivl_delay_selection "TYPICAL";
:vpi_time_precision - 9;
:vpi_module "C:\iverilog\lib\ivl\system.vpi";
:vpi_module "C:\iverilog\lib\ivl\vhdl_sys.vpi";
:vpi_module "C:\iverilog\lib\ivl\vhdl_textio.vpi";
:vpi_module "C:\iverilog\lib\ivl\v2005_math.vpi";
:vpi_module "C:\iverilog\lib\ivl\va_math.vpi";
S_000002c009b6b2c0 .scope module, "traffic_light_tb" "traffic_light_tb" 2 4;
 .timescale -9 -9;
v000002c009a436f0_0 .var "C", 0 0;
v000002c009a43790_0 .var "clk", 0 0;
v000002c009a43830_0 .net "light_farm", 2 0, v000002c009a4bd20_0;  1 drivers
v000002c009a438d0_0 .net "light_highway", 2 0, v000002c009a4bdc0_0;  1 drivers
v000002c009a43970_0 .var "rst_n", 0 0;
S_000002c009b6b450 .scope module, "dut" "traffic_light" 2 10, 3 1 0, S_000002c009b6b2c0;
 .timescale 0 0;
    .port_info 0 /INPUT 1 "C";
    .port_info 1 /INPUT 1 "clk";
    .port_info 2 /INPUT 1 "rst_n";
    .port_info 3 /OUTPUT 3 "light_highway";
    .port_info 4 /OUTPUT 3 "light_farm";
P_000002c009a4bbc0 .param/l "HGRE_FRED" 0 3 12, C4<00>;
P_000002c009a4bbf8 .param/l "HRED_FGRE" 0 3 14, C4<10>;
P_000002c009a4bc30 .param/l "HRED_FYEL" 0 3 15, C4<11>;
P_000002c009a4bc68 .param/l "HYEL_FRED" 0 3 13, C4<01>;
P_000002c009a4bca0 .param/l "RED_HOLD" 1 3 20, C4<1010>;
P_000002c009a4bcd8 .param/l "YEL_HOLD" 1 3 19, C4<0011>;
v000002c009b66a80_0 .net "C", 0 0, v000002c009a436f0_0;  1 drivers
v000002c009b66820_0 .net "clk", 0 0, v000002c009a43790_0;  1 drivers
v000002c009b6b0e0_0 .var "counter", 31 0;
v000002c009a4bd20_0 .var "light_farm", 2 0;
v000002c009a4bdc0_0 .var "light_highway", 2 0;
v000002c009a4be60_0 .var "next_State", 1 0;
v000002c009a4bf00_0 .net "rst_n", 0 0, v000002c009a43970_0;  1 drivers
v000002c009a4bfa0_0 .var "state", 1 0;
E_000002c009a37fa0 .event anyedge, v000002c009a4bfa0_0;
E_000002c009a38420 .event anyedge, v000002c009a4bfa0_0, v000002c009b66a80_0, v000002c009b6b0e0_0;
E_000002c009a37a60/0 .event negedge, v000002c009a4bf00_0;
E_000002c009a37a60/1 .event posedge, v000002c009b66820_0;
E_000002c009a37a60 .event/or E_000002c009a37a60/0, E_000002c009a37a60/1;
    .scope S_000002c009b6b450;
T_0 ;
    %wait E_000002c009a37a60;
    %load/vec4 v000002c009a4bf00_0;
    %nor/r;
    %flag_set/vec4 8;
    %jmp/0xz  T_0.0, 8;
    %pushi/vec4 0, 0, 2;
    %assign/vec4 v000002c009a4bfa0_0, 0;
    %pushi/vec4 0, 0, 32;
    %assign/vec4 v000002c009b6b0e0_0, 0;
    %jmp T_0.1;
T_0.0 ;
    %load/vec4 v000002c009a4be60_0;
    %assign/vec4 v000002c009a4bfa0_0, 0;
    %load/vec4 v000002c009a4bfa0_0;
    %load/vec4 v000002c009a4be60_0;
    %cmp/ne;
    %jmp/0xz  T_0.2, 4;
    %pushi/vec4 0, 0, 32;
    %assign/vec4 v000002c009b6b0e0_0, 0;
    %jmp T_0.3;
T_0.2 ;
    %load/vec4 v000002c009b6b0e0_0;
    %addi 1, 0, 32;
    %assign/vec4 v000002c009b6b0e0_0, 0;
T_0.3 ;
T_0.1 ;
    %jmp T_0;
    .thread T_0;
    .scope S_000002c009b6b450;
T_1 ;
    %wait E_000002c009a38420;
    %load/vec4 v000002c009a4bfa0_0;
    %store/vec4 v000002c009a4be60_0, 0, 2;
    %load/vec4 v000002c009a4bfa0_0;
    %dup/vec4;
    %pushi/vec4 0, 0, 2;
    %cmp/u;
    %jmp/1 T_1.0, 6;
    %dup/vec4;
    %pushi/vec4 1, 0, 2;
    %cmp/u;
    %jmp/1 T_1.1, 6;
    %dup/vec4;
    %pushi/vec4 2, 0, 2;
    %cmp/u;
    %jmp/1 T_1.2, 6;
    %dup/vec4;
    %pushi/vec4 3, 0, 2;
    %cmp/u;
    %jmp/1 T_1.3, 6;
    %jmp T_1.4;
T_1.0 ;
    %load/vec4 v000002c009b66a80_0;
    %flag_set/vec4 8;
    %jmp/0xz  T_1.5, 8;
    %pushi/vec4 1, 0, 2;
    %store/vec4 v000002c009a4be60_0, 0, 2;
T_1.5 ;
    %jmp T_1.4;
T_1.1 ;
    %load/vec4 v000002c009b6b0e0_0;
    %cmpi/u 3, 0, 32;
    %flag_inv 5; GE is !LT
    %jmp/0xz  T_1.7, 5;
    %pushi/vec4 2, 0, 2;
    %store/vec4 v000002c009a4be60_0, 0, 2;
T_1.7 ;
    %jmp T_1.4;
T_1.2 ;
    %load/vec4 v000002c009b6b0e0_0;
    %cmpi/u 10, 0, 32;
    %flag_inv 5; GE is !LT
    %jmp/0xz  T_1.9, 5;
    %pushi/vec4 3, 0, 2;
    %store/vec4 v000002c009a4be60_0, 0, 2;
T_1.9 ;
    %jmp T_1.4;
T_1.3 ;
    %load/vec4 v000002c009b66a80_0;
    %flag_set/vec4 8;
    %jmp/0xz  T_1.11, 8;
    %pushi/vec4 2, 0, 2;
    %store/vec4 v000002c009a4be60_0, 0, 2;
    %jmp T_1.12;
T_1.11 ;
    %load/vec4 v000002c009b6b0e0_0;
    %cmpi/u 3, 0, 32;
    %flag_inv 5; GE is !LT
    %jmp/0xz  T_1.13, 5;
    %pushi/vec4 0, 0, 2;
    %store/vec4 v000002c009a4be60_0, 0, 2;
T_1.13 ;
T_1.12 ;
    %jmp T_1.4;
T_1.4 ;
    %pop/vec4 1;
    %jmp T_1;
    .thread T_1, $push;
    .scope S_000002c009b6b450;
T_2 ;
    %wait E_000002c009a37fa0;
    %load/vec4 v000002c009a4bfa0_0;
    %dup/vec4;
    %pushi/vec4 0, 0, 2;
    %cmp/u;
    %jmp/1 T_2.0, 6;
    %dup/vec4;
    %pushi/vec4 1, 0, 2;
    %cmp/u;
    %jmp/1 T_2.1, 6;
    %dup/vec4;
    %pushi/vec4 2, 0, 2;
    %cmp/u;
    %jmp/1 T_2.2, 6;
    %dup/vec4;
    %pushi/vec4 3, 0, 2;
    %cmp/u;
    %jmp/1 T_2.3, 6;
    %pushi/vec4 1, 0, 3;
    %store/vec4 v000002c009a4bdc0_0, 0, 3;
    %pushi/vec4 4, 0, 3;
    %store/vec4 v000002c009a4bd20_0, 0, 3;
    %jmp T_2.5;
T_2.0 ;
    %pushi/vec4 1, 0, 3;
    %store/vec4 v000002c009a4bdc0_0, 0, 3;
    %pushi/vec4 4, 0, 3;
    %store/vec4 v000002c009a4bd20_0, 0, 3;
    %jmp T_2.5;
T_2.1 ;
    %pushi/vec4 2, 0, 3;
    %store/vec4 v000002c009a4bdc0_0, 0, 3;
    %pushi/vec4 4, 0, 3;
    %store/vec4 v000002c009a4bd20_0, 0, 3;
    %jmp T_2.5;
T_2.2 ;
    %pushi/vec4 4, 0, 3;
    %store/vec4 v000002c009a4bdc0_0, 0, 3;
    %pushi/vec4 1, 0, 3;
    %store/vec4 v000002c009a4bd20_0, 0, 3;
    %jmp T_2.5;
T_2.3 ;
    %pushi/vec4 4, 0, 3;
    %store/vec4 v000002c009a4bdc0_0, 0, 3;
    %pushi/vec4 2, 0, 3;
    %store/vec4 v000002c009a4bd20_0, 0, 3;
    %jmp T_2.5;
T_2.5 ;
    %pop/vec4 1;
    %jmp T_2;
    .thread T_2, $push;
    .scope S_000002c009b6b2c0;
T_3 ;
    %pushi/vec4 0, 0, 1;
    %store/vec4 v000002c009a43790_0, 0, 1;
T_3.0 ;
    %delay 10, 0;
    %load/vec4 v000002c009a43790_0;
    %inv;
    %store/vec4 v000002c009a43790_0, 0, 1;
    %jmp T_3.0;
    %end;
    .thread T_3;
    .scope S_000002c009b6b2c0;
T_4 ;
    %vpi_call 2 26 "$dumpfile", "TLC.vcd" {0 0 0};
    %vpi_call 2 27 "$dumpvars", 32'sb00000000000000000000000000000000, S_000002c009b6b2c0 {0 0 0};
    %vpi_call 2 28 "$monitor", "Sensor: %b, Highway Light: %b, Farm Light: %b", v000002c009a436f0_0, v000002c009a438d0_0, v000002c009a43830_0 {0 0 0};
    %delay 2, 0;
    %pushi/vec4 0, 0, 1;
    %store/vec4 v000002c009a43970_0, 0, 1;
    %delay 20, 0;
    %pushi/vec4 1, 0, 1;
    %store/vec4 v000002c009a43970_0, 0, 1;
    %pushi/vec4 0, 0, 1;
    %store/vec4 v000002c009a436f0_0, 0, 1;
    %delay 20, 0;
    %pushi/vec4 1, 0, 1;
    %store/vec4 v000002c009a436f0_0, 0, 1;
    %delay 50, 0;
    %pushi/vec4 0, 0, 1;
    %store/vec4 v000002c009a436f0_0, 0, 1;
    %delay 300, 0;
    %pushi/vec4 1, 0, 1;
    %store/vec4 v000002c009a436f0_0, 0, 1;
    %delay 20, 0;
    %pushi/vec4 0, 0, 1;
    %store/vec4 v000002c009a436f0_0, 0, 1;
    %delay 500, 0;
    %vpi_call 2 45 "$display", "Test Complete!!!" {0 0 0};
    %vpi_call 2 46 "$finish" {0 0 0};
    %end;
    .thread T_4;
# The file index is used to find the file name in the following table.
:file_names 4;
    "N/A";
    "<interactive>";
    "TLC_tb.v";
    "./traffic_light.v";
