#! /c/Source/iverilog-install/bin/vvp
:ivl_version "12.0 (devel)" "(s20150603-1539-g2693dd32b)";
:ivl_delay_selection "TYPICAL";
:vpi_time_precision + 0;
:vpi_module "C:\iverilog\lib\ivl\system.vpi";
:vpi_module "C:\iverilog\lib\ivl\vhdl_sys.vpi";
:vpi_module "C:\iverilog\lib\ivl\vhdl_textio.vpi";
:vpi_module "C:\iverilog\lib\ivl\v2005_math.vpi";
:vpi_module "C:\iverilog\lib\ivl\va_math.vpi";
S_000002798ee364f0 .scope module, "traffic_light" "traffic_light" 2 1;
 .timescale 0 0;
    .port_info 0 /INPUT 1 "C";
    .port_info 1 /INPUT 1 "clk";
    .port_info 2 /INPUT 1 "rst_n";
    .port_info 3 /OUTPUT 3 "light_highway";
    .port_info 4 /OUTPUT 3 "light_farm";
P_000002798ee36680 .param/l "HGRE_FRED" 0 2 12, C4<00>;
P_000002798ee366b8 .param/l "HRED_FGRE" 0 2 14, C4<10>;
P_000002798ee366f0 .param/l "HRED_FYEL" 0 2 15, C4<11>;
P_000002798ee36728 .param/l "HYEL_FRED" 0 2 13, C4<01>;
P_000002798ee36760 .param/l "RED_HOLD" 1 2 20, C4<1010>;
P_000002798ee36798 .param/l "YEL_HOLD" 1 2 19, C4<0011>;
o000002798ed0bf88 .functor BUFZ 1, C4<z>; HiZ drive
v000002798ee367e0_0 .net "C", 0 0, o000002798ed0bf88;  0 drivers
o000002798ed0bfb8 .functor BUFZ 1, C4<z>; HiZ drive
v000002798ee36a40_0 .net "clk", 0 0, o000002798ed0bfb8;  0 drivers
v000002798ed043d0_0 .var "counter", 31 0;
v000002798ed04470_0 .var "light_farm", 2 0;
v000002798ed04510_0 .var "light_highway", 2 0;
v000002798ed4cff0_0 .var "next_State", 1 0;
o000002798ed0c0a8 .functor BUFZ 1, C4<z>; HiZ drive
v000002798ed4d090_0 .net "rst_n", 0 0, o000002798ed0c0a8;  0 drivers
v000002798ed4d130_0 .var "state", 1 0;
E_000002798ed093a0 .event anyedge, v000002798ed4d130_0;
E_000002798ed091a0 .event anyedge, v000002798ed4d130_0, v000002798ee367e0_0, v000002798ed043d0_0;
E_000002798ed095e0/0 .event negedge, v000002798ed4d090_0;
E_000002798ed095e0/1 .event posedge, v000002798ee36a40_0;
E_000002798ed095e0 .event/or E_000002798ed095e0/0, E_000002798ed095e0/1;
    .scope S_000002798ee364f0;
T_0 ;
    %wait E_000002798ed095e0;
    %load/vec4 v000002798ed4d090_0;
    %nor/r;
    %flag_set/vec4 8;
    %jmp/0xz  T_0.0, 8;
    %pushi/vec4 0, 0, 2;
    %assign/vec4 v000002798ed4d130_0, 0;
    %pushi/vec4 0, 0, 32;
    %assign/vec4 v000002798ed043d0_0, 0;
    %jmp T_0.1;
T_0.0 ;
    %load/vec4 v000002798ed4cff0_0;
    %assign/vec4 v000002798ed4d130_0, 0;
    %load/vec4 v000002798ed4d130_0;
    %load/vec4 v000002798ed4cff0_0;
    %cmp/ne;
    %jmp/0xz  T_0.2, 4;
    %pushi/vec4 0, 0, 32;
    %assign/vec4 v000002798ed043d0_0, 0;
    %jmp T_0.3;
T_0.2 ;
    %load/vec4 v000002798ed043d0_0;
    %addi 1, 0, 32;
    %assign/vec4 v000002798ed043d0_0, 0;
T_0.3 ;
T_0.1 ;
    %jmp T_0;
    .thread T_0;
    .scope S_000002798ee364f0;
T_1 ;
    %wait E_000002798ed091a0;
    %load/vec4 v000002798ed4d130_0;
    %store/vec4 v000002798ed4cff0_0, 0, 2;
    %load/vec4 v000002798ed4d130_0;
    %dup/vec4;
    %pushi/vec4 0, 0, 2;
    %cmp/u;
    %jmp/1 T_1.0, 6;
    %dup/vec4;
    %pushi/vec4 1, 0, 2;
    %cmp/u;
    %jmp/1 T_1.1, 6;
    %dup/vec4;
    %pushi/vec4 2, 0, 2;
    %cmp/u;
    %jmp/1 T_1.2, 6;
    %dup/vec4;
    %pushi/vec4 3, 0, 2;
    %cmp/u;
    %jmp/1 T_1.3, 6;
    %jmp T_1.4;
T_1.0 ;
    %load/vec4 v000002798ee367e0_0;
    %flag_set/vec4 8;
    %jmp/0xz  T_1.5, 8;
    %pushi/vec4 1, 0, 2;
    %store/vec4 v000002798ed4cff0_0, 0, 2;
T_1.5 ;
    %jmp T_1.4;
T_1.1 ;
    %load/vec4 v000002798ed043d0_0;
    %cmpi/u 3, 0, 32;
    %flag_inv 5; GE is !LT
    %jmp/0xz  T_1.7, 5;
    %pushi/vec4 2, 0, 2;
    %store/vec4 v000002798ed4cff0_0, 0, 2;
T_1.7 ;
    %jmp T_1.4;
T_1.2 ;
    %load/vec4 v000002798ed043d0_0;
    %cmpi/u 10, 0, 32;
    %flag_inv 5; GE is !LT
    %jmp/0xz  T_1.9, 5;
    %pushi/vec4 3, 0, 2;
    %store/vec4 v000002798ed4cff0_0, 0, 2;
T_1.9 ;
    %jmp T_1.4;
T_1.3 ;
    %load/vec4 v000002798ee367e0_0;
    %flag_set/vec4 8;
    %jmp/0xz  T_1.11, 8;
    %pushi/vec4 2, 0, 2;
    %store/vec4 v000002798ed4cff0_0, 0, 2;
    %jmp T_1.12;
T_1.11 ;
    %load/vec4 v000002798ed043d0_0;
    %cmpi/u 3, 0, 32;
    %flag_inv 5; GE is !LT
    %jmp/0xz  T_1.13, 5;
    %pushi/vec4 0, 0, 2;
    %store/vec4 v000002798ed4cff0_0, 0, 2;
T_1.13 ;
T_1.12 ;
    %jmp T_1.4;
T_1.4 ;
    %pop/vec4 1;
    %jmp T_1;
    .thread T_1, $push;
    .scope S_000002798ee364f0;
T_2 ;
    %wait E_000002798ed093a0;
    %load/vec4 v000002798ed4d130_0;
    %dup/vec4;
    %pushi/vec4 0, 0, 2;
    %cmp/u;
    %jmp/1 T_2.0, 6;
    %dup/vec4;
    %pushi/vec4 1, 0, 2;
    %cmp/u;
    %jmp/1 T_2.1, 6;
    %dup/vec4;
    %pushi/vec4 2, 0, 2;
    %cmp/u;
    %jmp/1 T_2.2, 6;
    %dup/vec4;
    %pushi/vec4 3, 0, 2;
    %cmp/u;
    %jmp/1 T_2.3, 6;
    %pushi/vec4 1, 0, 3;
    %store/vec4 v000002798ed04510_0, 0, 3;
    %pushi/vec4 4, 0, 3;
    %store/vec4 v000002798ed04470_0, 0, 3;
    %jmp T_2.5;
T_2.0 ;
    %pushi/vec4 1, 0, 3;
    %store/vec4 v000002798ed04510_0, 0, 3;
    %pushi/vec4 4, 0, 3;
    %store/vec4 v000002798ed04470_0, 0, 3;
    %jmp T_2.5;
T_2.1 ;
    %pushi/vec4 2, 0, 3;
    %store/vec4 v000002798ed04510_0, 0, 3;
    %pushi/vec4 4, 0, 3;
    %store/vec4 v000002798ed04470_0, 0, 3;
    %jmp T_2.5;
T_2.2 ;
    %pushi/vec4 4, 0, 3;
    %store/vec4 v000002798ed04510_0, 0, 3;
    %pushi/vec4 1, 0, 3;
    %store/vec4 v000002798ed04470_0, 0, 3;
    %jmp T_2.5;
T_2.3 ;
    %pushi/vec4 4, 0, 3;
    %store/vec4 v000002798ed04510_0, 0, 3;
    %pushi/vec4 2, 0, 3;
    %store/vec4 v000002798ed04470_0, 0, 3;
    %jmp T_2.5;
T_2.5 ;
    %pop/vec4 1;
    %jmp T_2;
    .thread T_2, $push;
# The file index is used to find the file name in the following table.
:file_names 3;
    "N/A";
    "<interactive>";
    "traffic_light.v";
